<html>
<head>
<title>TestNG:  Sanity Test</title>
<link href="../testng.css" rel="stylesheet" type="text/css" />
<link href="../my-testng.css" rel="stylesheet" type="text/css" />

<style type="text/css">
.log { display: none;} 
.stack-trace { display: none;} 
</style>
<script type="text/javascript">
<!--
function flip(e) {
  current = e.style.display;
  if (current == 'block') {
    e.style.display = 'none';
    return 0;
  }
  else {
    e.style.display = 'block';
    return 1;
  }
}

function toggleBox(szDivId, elem, msg1, msg2)
{
  var res = -1;  if (document.getElementById) {
    res = flip(document.getElementById(szDivId));
  }
  else if (document.all) {
    // this is the way old msie versions work
    res = flip(document.all[szDivId]);
  }
  if(elem) {
    if(res == 0) elem.innerHTML = msg1; else elem.innerHTML = msg2;
  }

}

function toggleAllBoxes() {
  if (document.getElementsByTagName) {
    d = document.getElementsByTagName('div');
    for (i = 0; i < d.length; i++) {
      if (d[i].className == 'log') {
        flip(d[i]);
      }
    }
  }
}

// -->
</script>

</head>
<body>
<h2 align='center'>Sanity Test</h2><table border='1' align="center">
<tr>
<td>Tests passed/Failed/Skipped:</td><td>2/1/0</td>
</tr><tr>
<td>Started on:</td><td>Tue May 09 22:08:57 BST 2023</td>
</tr>
<tr><td>Total time:</td><td>29 seconds (29702 ms)</td>
</tr><tr>
<td>Included groups:</td><td>sanity </td>
</tr><tr>
<td>Excluded groups:</td><td></td>
</tr>
</table><p/>
<small><i>(Hover the method name to see the test class name)</i></small><p/>
<table width='100%' border='1' class='invocation-failed'>
<tr><td colspan='4' align='center'><b>FAILED TESTS</b></td></tr>
<tr><td><b>Test method</b></td>
<td width="30%"><b>Exception</b></td>
<td width="10%"><b>Time (seconds)</b></td>
<td><b>Instance</b></td>
</tr>
<tr>
<td title='com.softwaretestingboard.magento.testsuit.GearTest.userShouldAddProductSuccessFullyToShoppingCart()'><b>userShouldAddProductSuccessFullyToShoppingCart</b><br>Test class: com.softwaretestingboard.magento.testsuit.GearTest<br/>
<a href="#Output-1970377948" onClick='toggleBox("Output-1970377948", this, "Show output", "Hide output");'>Show output</a>

<a href="#Output-1970377948" onClick="toggleAllBoxes();">Show all outputs</a>
<div class='log' id="Output-1970377948">
Mouse Hover On Gear[[ChromeDriver: chrome on WINDOWS (e0d695dd5088938aecf7788b5b6d2164)] -> xpath: (//span[@class='ui-menu-icon ui-icon ui-icon-carat-1-e'])[7]]<br/>
Click on bags[[ChromeDriver: chrome on WINDOWS (e0d695dd5088938aecf7788b5b6d2164)] -> xpath: //span[normalize-space()='Bags']]<br/>
</div>
</td>
<td><div><pre>org.openqa.selenium.InvalidSelectorException: invalid selector: Unable to locate an element with the xpath expression //strong[@class=&apos;product name product-item-name&apos;]//a[contains(text(),&apos;Overnight Duffle &apos;)]&quot;) because of the following error:
SyntaxError: Failed to execute &apos;evaluate&apos; on &apos;Document&apos;: The string &apos;//strong[@class=&apos;product name product-item-name&apos;]//a[contains(text(),&apos;Overnight Duffle &apos;)]&quot;)&apos; is not a valid XPath expression.
  (Session info: chrome=112.0.5615.138)
For documentation on this error, please visit: https://selenium.dev/exceptions/#invalid_selector_exception
Build info: version: &apos;4.9.0&apos;, revision: &apos;d7057100a6&apos;
System info: os.name: &apos;Windows 10&apos;, os.arch: &apos;amd64&apos;, os.version: &apos;10.0&apos;, java.version: &apos;1.8.0_121&apos;
Driver info: org.openqa.selenium.chrome.ChromeDriver
Command: [e0d695dd5088938aecf7788b5b6d2164, findElement {using=xpath, value=//strong[@class=&apos;product name product-item-name&apos;]//a[contains(text(),&apos;Overnight Duffle &apos;)]&quot;)}]
Capabilities {acceptInsecureCerts: false, browserName: chrome, browserVersion: 112.0.5615.138, chrome: {chromedriverVersion: 112.0.5615.49 (bd2a7bcb881c..., userDataDir: C:\Users\Monika\AppData\Loc...}, goog:chromeOptions: {debuggerAddress: localhost:61550}, networkConnectionEnabled: false, pageLoadStrategy: normal, platformName: WINDOWS, proxy: Proxy(), se:cdp: ws://localhost:61550/devtoo..., se:cdpVersion: 112.0.5615.138, setWindowRect: true, strictFileInteractability: false, timeouts: {implicit: 0, pageLoad: 300000, script: 30000}, unhandledPromptBehavior: dismiss and notify, webauthn:extension:credBlob: true, webauthn:extension:largeBlob: true, webauthn:extension:minPinLength: true, webauthn:extension:prf: true, webauthn:virtualAuthenticators: true}
Session ID: e0d695dd5088938aecf7788b5b6d2164
	at org.openqa.selenium.remote.codec.w3c.W3CHttpResponseCodec.createException(W3CHttpResponseCodec.java:200)
	at org.openqa.selenium.remote.codec.w3c.W3CHttpResponseCodec.decode(W3CHttpResponseCodec.java:133)
	at org.openqa.selenium.remote.codec.w3c.W3CHttpResponseCodec.decode(W3CHttpResponseCodec.java:53)
	at org.openqa.selenium.remote.HttpCommandExecutor.execute(HttpCommandExecutor.java:193)
	at org.openqa.selenium.remote.service.DriverCommandExecutor.invokeExecute(DriverCommandExecutor.java:183)
	at org.openqa.selenium.remote.service.DriverCommandExecutor.execute(DriverCommandExecutor.java:158)
	at org.openqa.selenium.remote.RemoteWebDriver.execute(RemoteWebDriver.java:543)
	at org.openqa.selenium.remote.ElementLocation$ElementFinder$2.findElement(ElementLocation.java:162)
	at org.openqa.selenium.remote.ElementLocation.findElement(ElementLocation.java:60)
	at org.openqa.selenium.remote.RemoteWebDriver.findElement(RemoteWebDriver.java:352)
	at org.openqa.selenium.remote.RemoteWebDriver.findElement(RemoteWebDriver.java:344)
	at org.openqa.selenium.support.pagefactory.DefaultElementLocator.findElement(DefaultElementLocator.java:70)
	at org.openqa.selenium.support.pagefactory.internal.LocatingElementHandler.invoke(LocatingElementHandler.java:39)
	at com.sun.proxy.$Proxy16.toString(Unknown Source)
	at java.lang.String.valueOf(String.java:2994)
	at java.lang.StringBuilder.append(StringBuilder.java:131)
	at com.softwaretestingboard.magento.pages.GearPage.clickOnProductName(GearPage.java:82)
	at com.softwaretestingboard.magento.testsuit.GearTest.userShouldAddProductSuccessFullyToShoppingCart(GearTest.java:23)
	at java.util.ArrayList.forEach(ArrayList.java:1249)
	at com.intellij.rt.testng.IDEARemoteTestNG.run(IDEARemoteTestNG.java:66)
	at com.intellij.rt.testng.RemoteTestNGStarter.main(RemoteTestNGStarter.java:109)
... Removed 28 stack frames</pre></div><a href='#' onClick='toggleBox("stack-trace1970377948", this, "Click to show all stack frames", "Click to hide stack frames")'>Click to show all stack frames</a>
<div class='stack-trace' id='stack-trace1970377948'><pre>org.openqa.selenium.InvalidSelectorException: invalid selector: Unable to locate an element with the xpath expression //strong[@class=&apos;product name product-item-name&apos;]//a[contains(text(),&apos;Overnight Duffle &apos;)]&quot;) because of the following error:
SyntaxError: Failed to execute &apos;evaluate&apos; on &apos;Document&apos;: The string &apos;//strong[@class=&apos;product name product-item-name&apos;]//a[contains(text(),&apos;Overnight Duffle &apos;)]&quot;)&apos; is not a valid XPath expression.
  (Session info: chrome=112.0.5615.138)
For documentation on this error, please visit: https://selenium.dev/exceptions/#invalid_selector_exception
Build info: version: &apos;4.9.0&apos;, revision: &apos;d7057100a6&apos;
System info: os.name: &apos;Windows 10&apos;, os.arch: &apos;amd64&apos;, os.version: &apos;10.0&apos;, java.version: &apos;1.8.0_121&apos;
Driver info: org.openqa.selenium.chrome.ChromeDriver
Command: [e0d695dd5088938aecf7788b5b6d2164, findElement {using=xpath, value=//strong[@class=&apos;product name product-item-name&apos;]//a[contains(text(),&apos;Overnight Duffle &apos;)]&quot;)}]
Capabilities {acceptInsecureCerts: false, browserName: chrome, browserVersion: 112.0.5615.138, chrome: {chromedriverVersion: 112.0.5615.49 (bd2a7bcb881c..., userDataDir: C:\Users\Monika\AppData\Loc...}, goog:chromeOptions: {debuggerAddress: localhost:61550}, networkConnectionEnabled: false, pageLoadStrategy: normal, platformName: WINDOWS, proxy: Proxy(), se:cdp: ws://localhost:61550/devtoo..., se:cdpVersion: 112.0.5615.138, setWindowRect: true, strictFileInteractability: false, timeouts: {implicit: 0, pageLoad: 300000, script: 30000}, unhandledPromptBehavior: dismiss and notify, webauthn:extension:credBlob: true, webauthn:extension:largeBlob: true, webauthn:extension:minPinLength: true, webauthn:extension:prf: true, webauthn:virtualAuthenticators: true}
Session ID: e0d695dd5088938aecf7788b5b6d2164
	at sun.reflect.NativeConstructorAccessorImpl.newInstance0(Native Method)
	at sun.reflect.NativeConstructorAccessorImpl.newInstance(NativeConstructorAccessorImpl.java:62)
	at sun.reflect.DelegatingConstructorAccessorImpl.newInstance(DelegatingConstructorAccessorImpl.java:45)
	at java.lang.reflect.Constructor.newInstance(Constructor.java:423)
	at org.openqa.selenium.remote.codec.w3c.W3CHttpResponseCodec.createException(W3CHttpResponseCodec.java:200)
	at org.openqa.selenium.remote.codec.w3c.W3CHttpResponseCodec.decode(W3CHttpResponseCodec.java:133)
	at org.openqa.selenium.remote.codec.w3c.W3CHttpResponseCodec.decode(W3CHttpResponseCodec.java:53)
	at org.openqa.selenium.remote.HttpCommandExecutor.execute(HttpCommandExecutor.java:193)
	at org.openqa.selenium.remote.service.DriverCommandExecutor.invokeExecute(DriverCommandExecutor.java:183)
	at org.openqa.selenium.remote.service.DriverCommandExecutor.execute(DriverCommandExecutor.java:158)
	at org.openqa.selenium.remote.RemoteWebDriver.execute(RemoteWebDriver.java:543)
	at org.openqa.selenium.remote.ElementLocation$ElementFinder$2.findElement(ElementLocation.java:162)
	at org.openqa.selenium.remote.ElementLocation.findElement(ElementLocation.java:60)
	at org.openqa.selenium.remote.RemoteWebDriver.findElement(RemoteWebDriver.java:352)
	at org.openqa.selenium.remote.RemoteWebDriver.findElement(RemoteWebDriver.java:344)
	at org.openqa.selenium.support.pagefactory.DefaultElementLocator.findElement(DefaultElementLocator.java:70)
	at org.openqa.selenium.support.pagefactory.internal.LocatingElementHandler.invoke(LocatingElementHandler.java:39)
	at com.sun.proxy.$Proxy16.toString(Unknown Source)
	at java.lang.String.valueOf(String.java:2994)
	at java.lang.StringBuilder.append(StringBuilder.java:131)
	at com.softwaretestingboard.magento.pages.GearPage.clickOnProductName(GearPage.java:82)
	at com.softwaretestingboard.magento.testsuit.GearTest.userShouldAddProductSuccessFullyToShoppingCart(GearTest.java:23)
	at sun.reflect.NativeMethodAccessorImpl.invoke0(Native Method)
	at sun.reflect.NativeMethodAccessorImpl.invoke(NativeMethodAccessorImpl.java:62)
	at sun.reflect.DelegatingMethodAccessorImpl.invoke(DelegatingMethodAccessorImpl.java:43)
	at java.lang.reflect.Method.invoke(Method.java:498)
	at org.testng.internal.invokers.MethodInvocationHelper.invokeMethod(MethodInvocationHelper.java:135)
	at org.testng.internal.invokers.TestInvoker.invokeMethod(TestInvoker.java:673)
	at org.testng.internal.invokers.TestInvoker.invokeTestMethod(TestInvoker.java:220)
	at org.testng.internal.invokers.MethodRunner.runInSequence(MethodRunner.java:50)
	at org.testng.internal.invokers.TestInvoker$MethodInvocationAgent.invoke(TestInvoker.java:945)
	at org.testng.internal.invokers.TestInvoker.invokeTestMethods(TestInvoker.java:193)
	at org.testng.internal.invokers.TestMethodWorker.invokeTestMethods(TestMethodWorker.java:146)
	at org.testng.internal.invokers.TestMethodWorker.run(TestMethodWorker.java:128)
	at java.util.ArrayList.forEach(ArrayList.java:1249)
	at org.testng.TestRunner.privateRun(TestRunner.java:808)
	at org.testng.TestRunner.run(TestRunner.java:603)
	at org.testng.SuiteRunner.runTest(SuiteRunner.java:429)
	at org.testng.SuiteRunner.runSequentially(SuiteRunner.java:423)
	at org.testng.SuiteRunner.privateRun(SuiteRunner.java:383)
	at org.testng.SuiteRunner.run(SuiteRunner.java:326)
	at org.testng.SuiteRunnerWorker.runSuite(SuiteRunnerWorker.java:52)
	at org.testng.SuiteRunnerWorker.run(SuiteRunnerWorker.java:95)
	at org.testng.TestNG.runSuitesSequentially(TestNG.java:1249)
	at org.testng.TestNG.runSuitesLocally(TestNG.java:1169)
	at org.testng.TestNG.runSuites(TestNG.java:1092)
	at org.testng.TestNG.run(TestNG.java:1060)
	at com.intellij.rt.testng.IDEARemoteTestNG.run(IDEARemoteTestNG.java:66)
	at com.intellij.rt.testng.RemoteTestNGStarter.main(RemoteTestNGStarter.java:109)
</pre></div></td>
<td>1</td>
<td>com.softwaretestingboard.magento.testsuit.GearTest@1786f9d5</td></tr>
</table><p>
<table width='100%' border='1' class='invocation-passed'>
<tr><td colspan='4' align='center'><b>PASSED TESTS</b></td></tr>
<tr><td><b>Test method</b></td>
<td width="30%"><b>Exception</b></td>
<td width="10%"><b>Time (seconds)</b></td>
<td><b>Instance</b></td>
</tr>
<tr>
<td title='com.softwaretestingboard.magento.testsuit.MenTest.userShouldAddProductSuccessFullyToShoppingCart()'><b>userShouldAddProductSuccessFullyToShoppingCart</b><br>Test class: com.softwaretestingboard.magento.testsuit.MenTest<br/>
<a href="#Output-1554877309" onClick='toggleBox("Output-1554877309", this, "Show output", "Hide output");'>Show output</a>

<a href="#Output-1554877309" onClick="toggleAllBoxes();">Show all outputs</a>
<div class='log' id="Output-1554877309">
Mouse hover on men menu[[ChromeDriver: chrome on WINDOWS (a1f2d313f10934691b736f82da7450f3)] -> xpath: //a[@id='ui-id-5']//span[contains(text(),'Men')]]<br/>
Mouse hover on bottoms[[ChromeDriver: chrome on WINDOWS (a1f2d313f10934691b736f82da7450f3)] -> xpath: //a[@id='ui-id-18']//span[@class='ui-menu-icon ui-icon ui-icon-carat-1-e']]<br/>
Click on Pants[[ChromeDriver: chrome on WINDOWS (a1f2d313f10934691b736f82da7450f3)] -> xpath: //a[@id='ui-id-23']//span[contains(text(),'Pants')]]<br/>
Sort by product name[[ChromeDriver: chrome on WINDOWS (a1f2d313f10934691b736f82da7450f3)] -> xpath: //select[@id='sorter']]<br/>
Click on Cronus size 32[[ChromeDriver: chrome on WINDOWS (a1f2d313f10934691b736f82da7450f3)] -> xpath: //div[@class='swatch-opt-880']//div[@id='option-label-size-143-item-175']]<br/>
Click on Cronus black color[[ChromeDriver: chrome on WINDOWS (a1f2d313f10934691b736f82da7450f3)] -> xpath: //div[@class='swatch-opt-880']//div[@id='option-label-color-93-item-49']]<br/>
Click on Cronus yoga pant and add to cart[[ChromeDriver: chrome on WINDOWS (a1f2d313f10934691b736f82da7450f3)] -> xpath: //div[@data-product-id='880']]<br/>
Get success message[[ChromeDriver: chrome on WINDOWS (a1f2d313f10934691b736f82da7450f3)] -> xpath: //div[@class='message-success success message']]<br/>
Click on shopping cart[[ChromeDriver: chrome on WINDOWS (a1f2d313f10934691b736f82da7450f3)] -> xpath: //div[@class='page messages']//a[contains(text(),'shopping cart')]]<br/>
Get shopping cart text[[ChromeDriver: chrome on WINDOWS (a1f2d313f10934691b736f82da7450f3)] -> xpath: //main[@id='maincontent']//h1]<br/>
Get product name[[ChromeDriver: chrome on WINDOWS (a1f2d313f10934691b736f82da7450f3)] -> xpath: //td[@class='col item']//a[normalize-space()='Cronus Yoga Pant']]<br/>
Get product size[[ChromeDriver: chrome on WINDOWS (a1f2d313f10934691b736f82da7450f3)] -> xpath: //dd[contains(text(),'32')]]<br/>
Get product color[[ChromeDriver: chrome on WINDOWS (a1f2d313f10934691b736f82da7450f3)] -> xpath: //dd[contains(text(),'Black')]]<br/>
</div>
</td>
<td></td>
<td>9</td>
<td>com.softwaretestingboard.magento.testsuit.MenTest@401e7803</td></tr>
<tr>
<td title='com.softwaretestingboard.magento.testsuit.WomenTest.verifyTheSortByProductNameFilter()'><b>verifyTheSortByProductNameFilter</b><br>Test class: com.softwaretestingboard.magento.testsuit.WomenTest<br/>
<a href="#Output-416049054" onClick='toggleBox("Output-416049054", this, "Show output", "Hide output");'>Show output</a>

<a href="#Output-416049054" onClick="toggleAllBoxes();">Show all outputs</a>
<div class='log' id="Output-416049054">
mouse hover on Women[[ChromeDriver: chrome on WINDOWS (89e8e01a05fe1f7a13844dd17be43655)] -> xpath: //a[@id='ui-id-4']//span[contains(text(),'Women')]]<br/>
mouse hove on Top[[ChromeDriver: chrome on WINDOWS (89e8e01a05fe1f7a13844dd17be43655)] -> link text: Tops]<br/>
click on jackets[[ChromeDriver: chrome on WINDOWS (89e8e01a05fe1f7a13844dd17be43655)] -> link text: Jackets]<br/>
Click on continue button[[ChromeDriver: chrome on WINDOWS (89e8e01a05fe1f7a13844dd17be43655)] -> xpath: //div[2]//div[3]//select[1]]<br/>
after sort jacket list[[[ChromeDriver: chrome on WINDOWS (89e8e01a05fe1f7a13844dd17be43655)] -> xpath: //strong[@class='product name product-item-name']], [[ChromeDriver: chrome on WINDOWS (89e8e01a05fe1f7a13844dd17be43655)] -> xpath: //strong[@class='product name product-item-name']], [[ChromeDriver: chrome on WINDOWS (89e8e01a05fe1f7a13844dd17be43655)] -> xpath: //strong[@class='product name product-item-name']], [[ChromeDriver: chrome on WINDOWS (89e8e01a05fe1f7a13844dd17be43655)] -> xpath: //strong[@class='product name product-item-name']], [[ChromeDriver: chrome on WINDOWS (89e8e01a05fe1f7a13844dd17be43655)] -> xpath: //strong[@class='product name product-item-name']], [[ChromeDriver: chrome on WINDOWS (89e8e01a05fe1f7a13844dd17be43655)] -> xpath: //strong[@class='product name product-item-name']], [[ChromeDriver: chrome on WINDOWS (89e8e01a05fe1f7a13844dd17be43655)] -> xpath: //strong[@class='product name product-item-name']], [[ChromeDriver: chrome on WINDOWS (89e8e01a05fe1f7a13844dd17be43655)] -> xpath: //strong[@class='product name product-item-name']], [[ChromeDriver: chrome on WINDOWS (89e8e01a05fe1f7a13844dd17be43655)] -> xpath: //strong[@class='product name product-item-name']], [[ChromeDriver: chrome on WINDOWS (89e8e01a05fe1f7a13844dd17be43655)] -> xpath: //strong[@class='product name product-item-name']], [[ChromeDriver: chrome on WINDOWS (89e8e01a05fe1f7a13844dd17be43655)] -> xpath: //strong[@class='product name product-item-name']], [[ChromeDriver: chrome on WINDOWS (89e8e01a05fe1f7a13844dd17be43655)] -> xpath: //strong[@class='product name product-item-name']]]<br/>
get product name and store in array list[[[ChromeDriver: chrome on WINDOWS (89e8e01a05fe1f7a13844dd17be43655)] -> xpath: //strong[@class='product name product-item-name']], [[ChromeDriver: chrome on WINDOWS (89e8e01a05fe1f7a13844dd17be43655)] -> xpath: //strong[@class='product name product-item-name']], [[ChromeDriver: chrome on WINDOWS (89e8e01a05fe1f7a13844dd17be43655)] -> xpath: //strong[@class='product name product-item-name']], [[ChromeDriver: chrome on WINDOWS (89e8e01a05fe1f7a13844dd17be43655)] -> xpath: //strong[@class='product name product-item-name']], [[ChromeDriver: chrome on WINDOWS (89e8e01a05fe1f7a13844dd17be43655)] -> xpath: //strong[@class='product name product-item-name']], [[ChromeDriver: chrome on WINDOWS (89e8e01a05fe1f7a13844dd17be43655)] -> xpath: //strong[@class='product name product-item-name']], [[ChromeDriver: chrome on WINDOWS (89e8e01a05fe1f7a13844dd17be43655)] -> xpath: //strong[@class='product name product-item-name']], [[ChromeDriver: chrome on WINDOWS (89e8e01a05fe1f7a13844dd17be43655)] -> xpath: //strong[@class='product name product-item-name']], [[ChromeDriver: chrome on WINDOWS (89e8e01a05fe1f7a13844dd17be43655)] -> xpath: //strong[@class='product name product-item-name']], [[ChromeDriver: chrome on WINDOWS (89e8e01a05fe1f7a13844dd17be43655)] -> xpath: //strong[@class='product name product-item-name']], [[ChromeDriver: chrome on WINDOWS (89e8e01a05fe1f7a13844dd17be43655)] -> xpath: //strong[@class='product name product-item-name']], [[ChromeDriver: chrome on WINDOWS (89e8e01a05fe1f7a13844dd17be43655)] -> xpath: //strong[@class='product name product-item-name']]]<br/>
</div>
</td>
<td></td>
<td>3</td>
<td>com.softwaretestingboard.magento.testsuit.WomenTest@7cbd213e</td></tr>
</table><p>
</body>
</html>